8
crawling 0. element: http://www.liwus.de/rimowa-92373014.html
crawling 1. element: http://www.liwus.de/rimowa-92373034.html
crawling 2. element: http://www.liwus.de/rimowa-92370034.html
crawling 3. element: http://www.liwus.de/rimowa-92370014.html
crawling 4. element: http://www.liwus.de/rimowa-92353034.html
crawling 5. element: http://www.liwus.de/rimowa-92352034.html
crawling 6. element: http://www.liwus.de/rimowa-92373004.html
crawling 7. element: http://www.liwus.de/rimowa-92370004.html
original product title: Rimowa Topas Stealth Multiwheel Trolley 74cm, silber
all comma replaced, it becomes: Rimowa Topas Stealth Multiwheel Trolley 74cm-silber
all space replaced, it becomes: Rimowa-Topas-Stealth-Multiwheel-Trolley-74cm-silber
all forward / replaced, it becomes: Rimowa-Topas-Stealth-Multiwheel-Trolley-74cm-silber
multiple - - - replaced, it becomes: Rimowa-Topas-Stealth-Multiwheel-Trolley-74cm-silber
umlaut replaced, it becomes: Rimowa-Topas-Stealth-Multiwheel-Trolley-74cm-silber
sku is Rimowa_92370004
row is Rimowa-Topas-Stealth-Multiwheel-Trolley-74cm-silber,
        description    ,€669.00,Rimowa_92370004,Rimowa Topas Stealth Multiwheel Trolley 74cm, silber,,,[Chinese Category]/休闲旅游
output header fields into file
(u'Rimowa_92370004', 'base', 'Luggage', 'simple', '[Chinese Category]/\xe4\xbc\x91\xe9\x97\xb2\xe6\x97\x85\xe6\xb8\xb8', 'base', '', '', '', 'RIMOWA', '', '', '', '', 'Germany', '', '', '', '', '', u'\n        description    ', 'No', '', '', '0', u'/rimowa/rimowa-topas-stealth-multiwheel-trolley-74cm-silber-rimowa_92370004--1.jpg', '', '', '', '', u'Rimowa Topas Stealth Multiwheel Trolley 74cm, silber', u'Rimowa Topas Stealth Multiwheel Trolley 74cm, silber', u'Rimowa Topas Stealth Multiwheel Trolley 74cm, silber - AUSGER\u300c\u5fb7\u85dd\u7dfb\u300d\u5fb7\u570b\u7cbe\u54c1\u767e\u8ca8', '', '', 'Use config', 'Use config', u'Rimowa-Topas-Stealth-Multiwheel-Trolley-74cm-silber', '', '', 'Product Info Column', '', u'\u20ac669.00', '0', 'RIMOWA\xe9\xab\x98\xe7\xba\xa7\xe6\x97\x85\xe8\xa1\x8c\xe7\xae\xb1\xe5\x93\x81\xe7\x89\x8c\xe6\x98\xaf\xe5\xbe\xb7\xe5\x9b\xbd\xe4\xb8\xba\xe6\x95\xb0\xe4\xb8\x8d\xe5\xa4\x9a\xe7\x9a\x84\xe6\x97\x85\xe8\xa1\x8c\xe7\xae\xb1\xe7\x94\x9f\xe4\xba\xa7\xe5\x95\x86\xe4\xb9\x8b\xe4\xb8\x80\xef\xbc\x8c\xe4\xb9\x9f\xe6\x98\xaf\xe8\xa1\x8c\xe4\xb8\x9a\xe5\x86\x85\xe4\xbb\x85\xe6\x9c\x89\xe7\x9a\x84\xe6\x89\xbf\xe8\xa2\xad\xe7\x99\xbe\xe5\xb9\xb4\xe4\xbc\xa0\xe7\xbb\x9f\xe7\x9a\x84\xe7\x94\x9f\xe4\xba\xa7\xe5\x95\x86\xe4\xb9\x8b\xe4\xb8\x80\xe3\x80\x82\xe4\xba\xa7\xe5\x93\x81\xe9\x87\x87\xe7\x94\xa8\xe4\xba\x86\xe4\xbb\xa5\xe5\x9d\x9a\xe5\x9b\xba\xe3\x80\x81\xe8\x80\x90\xe7\x94\xa8\xe3\x80\x81\xe8\xbd\xbb\xe5\xb7\xa7\xe8\x91\x97\xe7\xa7\xb0\xe7\x9a\x84\xe9\x93\x9d\xe9\x95\x81\xe5\x90\x88\xe9\x87\x91\xe5\x8f\x8a\xe9\xab\x98\xe7\xa7\x91\xe6\x8a\x80\xe8\x81\x9a\xe7\xa2\xb3\xe9\x85\xb8\xe9\x85\xaf\xe4\xb8\xa4\xe7\xa7\x8d\xe6\x9d\x90\xe6\x96\x99\xe5\x88\xb6\xe4\xbd\x9c\xe8\x80\x8c\xe6\x88\x90\xef\xbc\x8c\xe9\x9b\x86\xe4\xbc\x98\xe8\xb4\xa8\xe7\xb4\xa0\xe6\x9d\x90\xe3\x80\x81\xe5\x8d\x93\xe8\xb6\x8a\xe7\xa7\x91\xe6\x8a\x80\xe3\x80\x81\xe7\x8b\xac\xe7\x89\xb9\xe8\xae\xbe\xe8\xae\xa1\xe5\x8f\x8a\xe8\xb6\x85\xe5\x87\xa1\xe6\x89\x8b\xe8\x89\xba\xe4\xba\x8e\xe4\xb8\x80\xe8\xba\xab\xef\xbc\x8c\xe6\x88\x90\xe4\xb8\xba\xe2\x80\x9c\xe5\xbe\xb7\xe5\x9b\xbd\xe5\x88\xb6\xe9\x80\xa0\xe2\x80\x9d\xe7\x9a\x84\xe5\x8f\x88\xe4\xb8\x80\xe4\xbc\xa0\xe5\xa5\x87\xe3\x80\x82', '', '', u'/rimowa/rimowa-topas-stealth-multiwheel-trolley-74cm-silber-rimowa_92370004--1.jpg', '', '', '', '', '1', '2', u'/rimowa/rimowa-topas-stealth-multiwheel-trolley-74cm-silber-rimowa_92370004--1.jpg', '', '', 'Rimowa Topas Stealth Multiwheel Trolley 74cm, silber', 'Rimowa Topas Stealth Multiwheel Trolley 74cm, silber.html', '4', '1', '10', '0', '1', '0', '0', '1', '1', '1', '0', '1', '1', '', '1', '0', '1', '0', '1', '0', '1', '0', '0', '', '', '', '', '', '', '', '', '', '', '', '', '', '', '', '', '', '', '', '1', '0')
failed product 0, outputted product 1, product list size 8
original product title: Rimowa Topas Stealth Multiwheel Trolley 77cm, silber
all comma replaced, it becomes: Rimowa Topas Stealth Multiwheel Trolley 77cm-silber
all space replaced, it becomes: Rimowa-Topas-Stealth-Multiwheel-Trolley-77cm-silber
all forward / replaced, it becomes: Rimowa-Topas-Stealth-Multiwheel-Trolley-77cm-silber
multiple - - - replaced, it becomes: Rimowa-Topas-Stealth-Multiwheel-Trolley-77cm-silber
umlaut replaced, it becomes: Rimowa-Topas-Stealth-Multiwheel-Trolley-77cm-silber
sku is Rimowa_92373004
row is Rimowa-Topas-Stealth-Multiwheel-Trolley-77cm-silber,
        description    ,€689.00,Rimowa_92373004,Rimowa Topas Stealth Multiwheel Trolley 77cm, silber,,,[Chinese Category]/休闲旅游
(u'Rimowa_92373004', 'base', 'Luggage', 'simple', '[Chinese Category]/\xe4\xbc\x91\xe9\x97\xb2\xe6\x97\x85\xe6\xb8\xb8', 'base', '', '', '', 'RIMOWA', '', '', '', '', 'Germany', '', '', '', '', '', u'\n        description    ', 'No', '', '', '0', u'/rimowa/rimowa-topas-stealth-multiwheel-trolley-77cm-silber-rimowa_92373004--2.jpg', '', '', '', '', u'Rimowa Topas Stealth Multiwheel Trolley 77cm, silber', u'Rimowa Topas Stealth Multiwheel Trolley 77cm, silber', u'Rimowa Topas Stealth Multiwheel Trolley 77cm, silber - AUSGER\u300c\u5fb7\u85dd\u7dfb\u300d\u5fb7\u570b\u7cbe\u54c1\u767e\u8ca8', '', '', 'Use config', 'Use config', u'Rimowa-Topas-Stealth-Multiwheel-Trolley-77cm-silber', '', '', 'Product Info Column', '', u'\u20ac689.00', '0', 'RIMOWA\xe9\xab\x98\xe7\xba\xa7\xe6\x97\x85\xe8\xa1\x8c\xe7\xae\xb1\xe5\x93\x81\xe7\x89\x8c\xe6\x98\xaf\xe5\xbe\xb7\xe5\x9b\xbd\xe4\xb8\xba\xe6\x95\xb0\xe4\xb8\x8d\xe5\xa4\x9a\xe7\x9a\x84\xe6\x97\x85\xe8\xa1\x8c\xe7\xae\xb1\xe7\x94\x9f\xe4\xba\xa7\xe5\x95\x86\xe4\xb9\x8b\xe4\xb8\x80\xef\xbc\x8c\xe4\xb9\x9f\xe6\x98\xaf\xe8\xa1\x8c\xe4\xb8\x9a\xe5\x86\x85\xe4\xbb\x85\xe6\x9c\x89\xe7\x9a\x84\xe6\x89\xbf\xe8\xa2\xad\xe7\x99\xbe\xe5\xb9\xb4\xe4\xbc\xa0\xe7\xbb\x9f\xe7\x9a\x84\xe7\x94\x9f\xe4\xba\xa7\xe5\x95\x86\xe4\xb9\x8b\xe4\xb8\x80\xe3\x80\x82\xe4\xba\xa7\xe5\x93\x81\xe9\x87\x87\xe7\x94\xa8\xe4\xba\x86\xe4\xbb\xa5\xe5\x9d\x9a\xe5\x9b\xba\xe3\x80\x81\xe8\x80\x90\xe7\x94\xa8\xe3\x80\x81\xe8\xbd\xbb\xe5\xb7\xa7\xe8\x91\x97\xe7\xa7\xb0\xe7\x9a\x84\xe9\x93\x9d\xe9\x95\x81\xe5\x90\x88\xe9\x87\x91\xe5\x8f\x8a\xe9\xab\x98\xe7\xa7\x91\xe6\x8a\x80\xe8\x81\x9a\xe7\xa2\xb3\xe9\x85\xb8\xe9\x85\xaf\xe4\xb8\xa4\xe7\xa7\x8d\xe6\x9d\x90\xe6\x96\x99\xe5\x88\xb6\xe4\xbd\x9c\xe8\x80\x8c\xe6\x88\x90\xef\xbc\x8c\xe9\x9b\x86\xe4\xbc\x98\xe8\xb4\xa8\xe7\xb4\xa0\xe6\x9d\x90\xe3\x80\x81\xe5\x8d\x93\xe8\xb6\x8a\xe7\xa7\x91\xe6\x8a\x80\xe3\x80\x81\xe7\x8b\xac\xe7\x89\xb9\xe8\xae\xbe\xe8\xae\xa1\xe5\x8f\x8a\xe8\xb6\x85\xe5\x87\xa1\xe6\x89\x8b\xe8\x89\xba\xe4\xba\x8e\xe4\xb8\x80\xe8\xba\xab\xef\xbc\x8c\xe6\x88\x90\xe4\xb8\xba\xe2\x80\x9c\xe5\xbe\xb7\xe5\x9b\xbd\xe5\x88\xb6\xe9\x80\xa0\xe2\x80\x9d\xe7\x9a\x84\xe5\x8f\x88\xe4\xb8\x80\xe4\xbc\xa0\xe5\xa5\x87\xe3\x80\x82', '', '', u'/rimowa/rimowa-topas-stealth-multiwheel-trolley-77cm-silber-rimowa_92373004--2.jpg', '', '', '', '', '1', '2', u'/rimowa/rimowa-topas-stealth-multiwheel-trolley-77cm-silber-rimowa_92373004--2.jpg', '', '', 'Rimowa Topas Stealth Multiwheel Trolley 77cm, silber', 'Rimowa Topas Stealth Multiwheel Trolley 77cm, silber.html', '4', '1', '10', '0', '1', '0', '0', '1', '1', '1', '0', '1', '1', '', '1', '0', '1', '0', '1', '0', '1', '0', '0', '', '', '', '', '', '', '', '', '', '', '', '', '', '', '', '', '', '', '', '1', '0')
failed product 0, outputted product 2, product list size 8
original product title: Rimowa Topas Titanium Multiwheel Cabin IATA Trolley 52cm titanmetallic
all comma replaced, it becomes: Rimowa Topas Titanium Multiwheel Cabin IATA Trolley 52cm titanmetallic
all space replaced, it becomes: Rimowa-Topas-Titanium-Multiwheel-Cabin-IATA-Trolley-52cm-titanmetallic
all forward / replaced, it becomes: Rimowa-Topas-Titanium-Multiwheel-Cabin-IATA-Trolley-52cm-titanmetallic
multiple - - - replaced, it becomes: Rimowa-Topas-Titanium-Multiwheel-Cabin-IATA-Trolley-52cm-titanmetallic
umlaut replaced, it becomes: Rimowa-Topas-Titanium-Multiwheel-Cabin-IATA-Trolley-52cm-titanmetallic
sku is Rimowa_92352034
row is Rimowa-Topas-Titanium-Multiwheel-Cabin-IATA-Trolley-52cm-titanmetallic,
        ,€769.00,Rimowa_92352034,Rimowa Topas Titanium Multiwheel Cabin IATA Trolley 52cm titanmetallic,,,[Chinese Category]/休闲旅游
(u'Rimowa_92352034', 'base', 'Luggage', 'simple', '[Chinese Category]/\xe4\xbc\x91\xe9\x97\xb2\xe6\x97\x85\xe6\xb8\xb8', 'base', '', '', '', 'RIMOWA', '', '', '', '', 'Germany', '', '', '', '', '', u'\n        ', 'No', '', '', '0', u'/rimowa/rimowa-topas-titanium-multiwheel-cabin-iata-trolley-52cm-titanmetallic-rimowa_92352034.jpg', '', '', '', '', u'Rimowa Topas Titanium Multiwheel Cabin IATA Trolley 52cm titanmetallic', u'Rimowa Topas Titanium Multiwheel Cabin IATA Trolley 52cm titanmetallic', u'Rimowa Topas Titanium Multiwheel Cabin IATA Trolley 52cm titanmetallic - AUSGER\u300c\u5fb7\u85dd\u7dfb\u300d\u5fb7\u570b\u7cbe\u54c1\u767e\u8ca8', '', '', 'Use config', 'Use config', u'Rimowa-Topas-Titanium-Multiwheel-Cabin-IATA-Trolley-52cm-titanmetallic', '', '', 'Product Info Column', '', u'\u20ac769.00', '0', 'RIMOWA\xe9\xab\x98\xe7\xba\xa7\xe6\x97\x85\xe8\xa1\x8c\xe7\xae\xb1\xe5\x93\x81\xe7\x89\x8c\xe6\x98\xaf\xe5\xbe\xb7\xe5\x9b\xbd\xe4\xb8\xba\xe6\x95\xb0\xe4\xb8\x8d\xe5\xa4\x9a\xe7\x9a\x84\xe6\x97\x85\xe8\xa1\x8c\xe7\xae\xb1\xe7\x94\x9f\xe4\xba\xa7\xe5\x95\x86\xe4\xb9\x8b\xe4\xb8\x80\xef\xbc\x8c\xe4\xb9\x9f\xe6\x98\xaf\xe8\xa1\x8c\xe4\xb8\x9a\xe5\x86\x85\xe4\xbb\x85\xe6\x9c\x89\xe7\x9a\x84\xe6\x89\xbf\xe8\xa2\xad\xe7\x99\xbe\xe5\xb9\xb4\xe4\xbc\xa0\xe7\xbb\x9f\xe7\x9a\x84\xe7\x94\x9f\xe4\xba\xa7\xe5\x95\x86\xe4\xb9\x8b\xe4\xb8\x80\xe3\x80\x82\xe4\xba\xa7\xe5\x93\x81\xe9\x87\x87\xe7\x94\xa8\xe4\xba\x86\xe4\xbb\xa5\xe5\x9d\x9a\xe5\x9b\xba\xe3\x80\x81\xe8\x80\x90\xe7\x94\xa8\xe3\x80\x81\xe8\xbd\xbb\xe5\xb7\xa7\xe8\x91\x97\xe7\xa7\xb0\xe7\x9a\x84\xe9\x93\x9d\xe9\x95\x81\xe5\x90\x88\xe9\x87\x91\xe5\x8f\x8a\xe9\xab\x98\xe7\xa7\x91\xe6\x8a\x80\xe8\x81\x9a\xe7\xa2\xb3\xe9\x85\xb8\xe9\x85\xaf\xe4\xb8\xa4\xe7\xa7\x8d\xe6\x9d\x90\xe6\x96\x99\xe5\x88\xb6\xe4\xbd\x9c\xe8\x80\x8c\xe6\x88\x90\xef\xbc\x8c\xe9\x9b\x86\xe4\xbc\x98\xe8\xb4\xa8\xe7\xb4\xa0\xe6\x9d\x90\xe3\x80\x81\xe5\x8d\x93\xe8\xb6\x8a\xe7\xa7\x91\xe6\x8a\x80\xe3\x80\x81\xe7\x8b\xac\xe7\x89\xb9\xe8\xae\xbe\xe8\xae\xa1\xe5\x8f\x8a\xe8\xb6\x85\xe5\x87\xa1\xe6\x89\x8b\xe8\x89\xba\xe4\xba\x8e\xe4\xb8\x80\xe8\xba\xab\xef\xbc\x8c\xe6\x88\x90\xe4\xb8\xba\xe2\x80\x9c\xe5\xbe\xb7\xe5\x9b\xbd\xe5\x88\xb6\xe9\x80\xa0\xe2\x80\x9d\xe7\x9a\x84\xe5\x8f\x88\xe4\xb8\x80\xe4\xbc\xa0\xe5\xa5\x87\xe3\x80\x82', '', '', u'/rimowa/rimowa-topas-titanium-multiwheel-cabin-iata-trolley-52cm-titanmetallic-rimowa_92352034.jpg', '', '', '', '', '1', '2', u'/rimowa/rimowa-topas-titanium-multiwheel-cabin-iata-trolley-52cm-titanmetallic-rimowa_92352034.jpg', '', '', 'Rimowa Topas Titanium Multiwheel Cabin IATA Trolley 52cm titanmetallic', 'Rimowa Topas Titanium Multiwheel Cabin IATA Trolley 52cm titanmetallic.html', '4', '1', '10', '0', '1', '0', '0', '1', '1', '1', '0', '1', '1', '', '1', '0', '1', '0', '1', '0', '1', '0', '0', '', '', '', '', '', '', '', '', '', '', '', '', '', '', '', '', '', '', '', '1', '0')
failed product 0, outputted product 3, product list size 8
original product title: Rimowa Topas Titanium Multiwheel Cabin IATA Trolley 53cm titanmetallic
all comma replaced, it becomes: Rimowa Topas Titanium Multiwheel Cabin IATA Trolley 53cm titanmetallic
all space replaced, it becomes: Rimowa-Topas-Titanium-Multiwheel-Cabin-IATA-Trolley-53cm-titanmetallic
all forward / replaced, it becomes: Rimowa-Topas-Titanium-Multiwheel-Cabin-IATA-Trolley-53cm-titanmetallic
multiple - - - replaced, it becomes: Rimowa-Topas-Titanium-Multiwheel-Cabin-IATA-Trolley-53cm-titanmetallic
umlaut replaced, it becomes: Rimowa-Topas-Titanium-Multiwheel-Cabin-IATA-Trolley-53cm-titanmetallic
sku is Rimowa_92353034
row is Rimowa-Topas-Titanium-Multiwheel-Cabin-IATA-Trolley-53cm-titanmetallic,
        ,€769.00,Rimowa_92353034,Rimowa Topas Titanium Multiwheel Cabin IATA Trolley 53cm titanmetallic,,,[Chinese Category]/休闲旅游
(u'Rimowa_92353034', 'base', 'Luggage', 'simple', '[Chinese Category]/\xe4\xbc\x91\xe9\x97\xb2\xe6\x97\x85\xe6\xb8\xb8', 'base', '', '', '', 'RIMOWA', '', '', '', '', 'Germany', '', '', '', '', '', u'\n        ', 'No', '', '', '0', u'/rimowa/rimowa-topas-titanium-multiwheel-cabin-iata-trolley-53cm-titanmetallic-rimowa_92353034.jpg', '', '', '', '', u'Rimowa Topas Titanium Multiwheel Cabin IATA Trolley 53cm titanmetallic', u'Rimowa Topas Titanium Multiwheel Cabin IATA Trolley 53cm titanmetallic', u'Rimowa Topas Titanium Multiwheel Cabin IATA Trolley 53cm titanmetallic - AUSGER\u300c\u5fb7\u85dd\u7dfb\u300d\u5fb7\u570b\u7cbe\u54c1\u767e\u8ca8', '', '', 'Use config', 'Use config', u'Rimowa-Topas-Titanium-Multiwheel-Cabin-IATA-Trolley-53cm-titanmetallic', '', '', 'Product Info Column', '', u'\u20ac769.00', '0', 'RIMOWA\xe9\xab\x98\xe7\xba\xa7\xe6\x97\x85\xe8\xa1\x8c\xe7\xae\xb1\xe5\x93\x81\xe7\x89\x8c\xe6\x98\xaf\xe5\xbe\xb7\xe5\x9b\xbd\xe4\xb8\xba\xe6\x95\xb0\xe4\xb8\x8d\xe5\xa4\x9a\xe7\x9a\x84\xe6\x97\x85\xe8\xa1\x8c\xe7\xae\xb1\xe7\x94\x9f\xe4\xba\xa7\xe5\x95\x86\xe4\xb9\x8b\xe4\xb8\x80\xef\xbc\x8c\xe4\xb9\x9f\xe6\x98\xaf\xe8\xa1\x8c\xe4\xb8\x9a\xe5\x86\x85\xe4\xbb\x85\xe6\x9c\x89\xe7\x9a\x84\xe6\x89\xbf\xe8\xa2\xad\xe7\x99\xbe\xe5\xb9\xb4\xe4\xbc\xa0\xe7\xbb\x9f\xe7\x9a\x84\xe7\x94\x9f\xe4\xba\xa7\xe5\x95\x86\xe4\xb9\x8b\xe4\xb8\x80\xe3\x80\x82\xe4\xba\xa7\xe5\x93\x81\xe9\x87\x87\xe7\x94\xa8\xe4\xba\x86\xe4\xbb\xa5\xe5\x9d\x9a\xe5\x9b\xba\xe3\x80\x81\xe8\x80\x90\xe7\x94\xa8\xe3\x80\x81\xe8\xbd\xbb\xe5\xb7\xa7\xe8\x91\x97\xe7\xa7\xb0\xe7\x9a\x84\xe9\x93\x9d\xe9\x95\x81\xe5\x90\x88\xe9\x87\x91\xe5\x8f\x8a\xe9\xab\x98\xe7\xa7\x91\xe6\x8a\x80\xe8\x81\x9a\xe7\xa2\xb3\xe9\x85\xb8\xe9\x85\xaf\xe4\xb8\xa4\xe7\xa7\x8d\xe6\x9d\x90\xe6\x96\x99\xe5\x88\xb6\xe4\xbd\x9c\xe8\x80\x8c\xe6\x88\x90\xef\xbc\x8c\xe9\x9b\x86\xe4\xbc\x98\xe8\xb4\xa8\xe7\xb4\xa0\xe6\x9d\x90\xe3\x80\x81\xe5\x8d\x93\xe8\xb6\x8a\xe7\xa7\x91\xe6\x8a\x80\xe3\x80\x81\xe7\x8b\xac\xe7\x89\xb9\xe8\xae\xbe\xe8\xae\xa1\xe5\x8f\x8a\xe8\xb6\x85\xe5\x87\xa1\xe6\x89\x8b\xe8\x89\xba\xe4\xba\x8e\xe4\xb8\x80\xe8\xba\xab\xef\xbc\x8c\xe6\x88\x90\xe4\xb8\xba\xe2\x80\x9c\xe5\xbe\xb7\xe5\x9b\xbd\xe5\x88\xb6\xe9\x80\xa0\xe2\x80\x9d\xe7\x9a\x84\xe5\x8f\x88\xe4\xb8\x80\xe4\xbc\xa0\xe5\xa5\x87\xe3\x80\x82', '', '', u'/rimowa/rimowa-topas-titanium-multiwheel-cabin-iata-trolley-53cm-titanmetallic-rimowa_92353034.jpg', '', '', '', '', '1', '2', u'/rimowa/rimowa-topas-titanium-multiwheel-cabin-iata-trolley-53cm-titanmetallic-rimowa_92353034.jpg', '', '', 'Rimowa Topas Titanium Multiwheel Cabin IATA Trolley 53cm titanmetallic', 'Rimowa Topas Titanium Multiwheel Cabin IATA Trolley 53cm titanmetallic.html', '4', '1', '10', '0', '1', '0', '0', '1', '1', '1', '0', '1', '1', '', '1', '0', '1', '0', '1', '0', '1', '0', '0', '', '', '', '', '', '', '', '', '', '', '', '', '', '', '', '', '', '', '', '1', '0')
failed product 0, outputted product 4, product list size 8
original product title: Rimowa Topas Stealth Multiwheel 70cm, schwarz
all comma replaced, it becomes: Rimowa Topas Stealth Multiwheel 70cm-schwarz
all space replaced, it becomes: Rimowa-Topas-Stealth-Multiwheel-70cm-schwarz
all forward / replaced, it becomes: Rimowa-Topas-Stealth-Multiwheel-70cm-schwarz
multiple - - - replaced, it becomes: Rimowa-Topas-Stealth-Multiwheel-70cm-schwarz
umlaut replaced, it becomes: Rimowa-Topas-Stealth-Multiwheel-70cm-schwarz
sku is Rimowa_92370014
row is Rimowa-Topas-Stealth-Multiwheel-70cm-schwarz,
        descprition    ,€849.00,Rimowa_92370014,Rimowa Topas Stealth Multiwheel 70cm, schwarz,,,[Chinese Category]/休闲旅游
(u'Rimowa_92370014', 'base', 'Luggage', 'simple', '[Chinese Category]/\xe4\xbc\x91\xe9\x97\xb2\xe6\x97\x85\xe6\xb8\xb8', 'base', '', '', '', 'RIMOWA', '', '', '', '', 'Germany', '', '', '', '', '', u'\n        descprition    ', 'No', '', '', '0', u'/rimowa/rimowa-topas-stealth-multiwheel-70cm-schwarz-rimowa_92370014--5.jpg', '', '', '', '', u'Rimowa Topas Stealth Multiwheel 70cm, schwarz', u'Rimowa Topas Stealth Multiwheel 70cm, schwarz', u'Rimowa Topas Stealth Multiwheel 70cm, schwarz - AUSGER\u300c\u5fb7\u85dd\u7dfb\u300d\u5fb7\u570b\u7cbe\u54c1\u767e\u8ca8', '', '', 'Use config', 'Use config', u'Rimowa-Topas-Stealth-Multiwheel-70cm-schwarz', '', '', 'Product Info Column', '', u'\u20ac849.00', '0', 'RIMOWA\xe9\xab\x98\xe7\xba\xa7\xe6\x97\x85\xe8\xa1\x8c\xe7\xae\xb1\xe5\x93\x81\xe7\x89\x8c\xe6\x98\xaf\xe5\xbe\xb7\xe5\x9b\xbd\xe4\xb8\xba\xe6\x95\xb0\xe4\xb8\x8d\xe5\xa4\x9a\xe7\x9a\x84\xe6\x97\x85\xe8\xa1\x8c\xe7\xae\xb1\xe7\x94\x9f\xe4\xba\xa7\xe5\x95\x86\xe4\xb9\x8b\xe4\xb8\x80\xef\xbc\x8c\xe4\xb9\x9f\xe6\x98\xaf\xe8\xa1\x8c\xe4\xb8\x9a\xe5\x86\x85\xe4\xbb\x85\xe6\x9c\x89\xe7\x9a\x84\xe6\x89\xbf\xe8\xa2\xad\xe7\x99\xbe\xe5\xb9\xb4\xe4\xbc\xa0\xe7\xbb\x9f\xe7\x9a\x84\xe7\x94\x9f\xe4\xba\xa7\xe5\x95\x86\xe4\xb9\x8b\xe4\xb8\x80\xe3\x80\x82\xe4\xba\xa7\xe5\x93\x81\xe9\x87\x87\xe7\x94\xa8\xe4\xba\x86\xe4\xbb\xa5\xe5\x9d\x9a\xe5\x9b\xba\xe3\x80\x81\xe8\x80\x90\xe7\x94\xa8\xe3\x80\x81\xe8\xbd\xbb\xe5\xb7\xa7\xe8\x91\x97\xe7\xa7\xb0\xe7\x9a\x84\xe9\x93\x9d\xe9\x95\x81\xe5\x90\x88\xe9\x87\x91\xe5\x8f\x8a\xe9\xab\x98\xe7\xa7\x91\xe6\x8a\x80\xe8\x81\x9a\xe7\xa2\xb3\xe9\x85\xb8\xe9\x85\xaf\xe4\xb8\xa4\xe7\xa7\x8d\xe6\x9d\x90\xe6\x96\x99\xe5\x88\xb6\xe4\xbd\x9c\xe8\x80\x8c\xe6\x88\x90\xef\xbc\x8c\xe9\x9b\x86\xe4\xbc\x98\xe8\xb4\xa8\xe7\xb4\xa0\xe6\x9d\x90\xe3\x80\x81\xe5\x8d\x93\xe8\xb6\x8a\xe7\xa7\x91\xe6\x8a\x80\xe3\x80\x81\xe7\x8b\xac\xe7\x89\xb9\xe8\xae\xbe\xe8\xae\xa1\xe5\x8f\x8a\xe8\xb6\x85\xe5\x87\xa1\xe6\x89\x8b\xe8\x89\xba\xe4\xba\x8e\xe4\xb8\x80\xe8\xba\xab\xef\xbc\x8c\xe6\x88\x90\xe4\xb8\xba\xe2\x80\x9c\xe5\xbe\xb7\xe5\x9b\xbd\xe5\x88\xb6\xe9\x80\xa0\xe2\x80\x9d\xe7\x9a\x84\xe5\x8f\x88\xe4\xb8\x80\xe4\xbc\xa0\xe5\xa5\x87\xe3\x80\x82', '', '', u'/rimowa/rimowa-topas-stealth-multiwheel-70cm-schwarz-rimowa_92370014--5.jpg', '', '', '', '', '1', '2', u'/rimowa/rimowa-topas-stealth-multiwheel-70cm-schwarz-rimowa_92370014--5.jpg', '', '', 'Rimowa Topas Stealth Multiwheel 70cm, schwarz', 'Rimowa Topas Stealth Multiwheel 70cm, schwarz.html', '4', '1', '10', '0', '1', '0', '0', '1', '1', '1', '0', '1', '1', '', '1', '0', '1', '0', '1', '0', '1', '0', '0', '', '', '', '', '', '', '', '', '', '', '', '', '', '', '', '', '', '', '', '1', '0')
failed product 0, outputted product 5, product list size 8
original product title: Rimowa Topas Titanium Multiwheel Trolley 70 titanmetallic
all comma replaced, it becomes: Rimowa Topas Titanium Multiwheel Trolley 70 titanmetallic
all space replaced, it becomes: Rimowa-Topas-Titanium-Multiwheel-Trolley-70-titanmetallic
all forward / replaced, it becomes: Rimowa-Topas-Titanium-Multiwheel-Trolley-70-titanmetallic
multiple - - - replaced, it becomes: Rimowa-Topas-Titanium-Multiwheel-Trolley-70-titanmetallic
umlaut replaced, it becomes: Rimowa-Topas-Titanium-Multiwheel-Trolley-70-titanmetallic
sku is Rimowa_92370034
row is Rimowa-Topas-Titanium-Multiwheel-Trolley-70-titanmetallic,
        ,€849.00,Rimowa_92370034,Rimowa Topas Titanium Multiwheel Trolley 70 titanmetallic,,,[Chinese Category]/休闲旅游
(u'Rimowa_92370034', 'base', 'Luggage', 'simple', '[Chinese Category]/\xe4\xbc\x91\xe9\x97\xb2\xe6\x97\x85\xe6\xb8\xb8', 'base', '', '', '', 'RIMOWA', '', '', '', '', 'Germany', '', '', '', '', '', u'\n        ', 'No', '', '', '0', u'/rimowa/rimowa-topas-titanium-multiwheel-trolley-70-titanmetallic-rimowa_92370034--1.jpg', '', '', '', '', u'Rimowa Topas Titanium Multiwheel Trolley 70 titanmetallic', u'Rimowa Topas Titanium Multiwheel Trolley 70 titanmetallic', u'Rimowa Topas Titanium Multiwheel Trolley 70 titanmetallic - AUSGER\u300c\u5fb7\u85dd\u7dfb\u300d\u5fb7\u570b\u7cbe\u54c1\u767e\u8ca8', '', '', 'Use config', 'Use config', u'Rimowa-Topas-Titanium-Multiwheel-Trolley-70-titanmetallic', '', '', 'Product Info Column', '', u'\u20ac849.00', '0', 'RIMOWA\xe9\xab\x98\xe7\xba\xa7\xe6\x97\x85\xe8\xa1\x8c\xe7\xae\xb1\xe5\x93\x81\xe7\x89\x8c\xe6\x98\xaf\xe5\xbe\xb7\xe5\x9b\xbd\xe4\xb8\xba\xe6\x95\xb0\xe4\xb8\x8d\xe5\xa4\x9a\xe7\x9a\x84\xe6\x97\x85\xe8\xa1\x8c\xe7\xae\xb1\xe7\x94\x9f\xe4\xba\xa7\xe5\x95\x86\xe4\xb9\x8b\xe4\xb8\x80\xef\xbc\x8c\xe4\xb9\x9f\xe6\x98\xaf\xe8\xa1\x8c\xe4\xb8\x9a\xe5\x86\x85\xe4\xbb\x85\xe6\x9c\x89\xe7\x9a\x84\xe6\x89\xbf\xe8\xa2\xad\xe7\x99\xbe\xe5\xb9\xb4\xe4\xbc\xa0\xe7\xbb\x9f\xe7\x9a\x84\xe7\x94\x9f\xe4\xba\xa7\xe5\x95\x86\xe4\xb9\x8b\xe4\xb8\x80\xe3\x80\x82\xe4\xba\xa7\xe5\x93\x81\xe9\x87\x87\xe7\x94\xa8\xe4\xba\x86\xe4\xbb\xa5\xe5\x9d\x9a\xe5\x9b\xba\xe3\x80\x81\xe8\x80\x90\xe7\x94\xa8\xe3\x80\x81\xe8\xbd\xbb\xe5\xb7\xa7\xe8\x91\x97\xe7\xa7\xb0\xe7\x9a\x84\xe9\x93\x9d\xe9\x95\x81\xe5\x90\x88\xe9\x87\x91\xe5\x8f\x8a\xe9\xab\x98\xe7\xa7\x91\xe6\x8a\x80\xe8\x81\x9a\xe7\xa2\xb3\xe9\x85\xb8\xe9\x85\xaf\xe4\xb8\xa4\xe7\xa7\x8d\xe6\x9d\x90\xe6\x96\x99\xe5\x88\xb6\xe4\xbd\x9c\xe8\x80\x8c\xe6\x88\x90\xef\xbc\x8c\xe9\x9b\x86\xe4\xbc\x98\xe8\xb4\xa8\xe7\xb4\xa0\xe6\x9d\x90\xe3\x80\x81\xe5\x8d\x93\xe8\xb6\x8a\xe7\xa7\x91\xe6\x8a\x80\xe3\x80\x81\xe7\x8b\xac\xe7\x89\xb9\xe8\xae\xbe\xe8\xae\xa1\xe5\x8f\x8a\xe8\xb6\x85\xe5\x87\xa1\xe6\x89\x8b\xe8\x89\xba\xe4\xba\x8e\xe4\xb8\x80\xe8\xba\xab\xef\xbc\x8c\xe6\x88\x90\xe4\xb8\xba\xe2\x80\x9c\xe5\xbe\xb7\xe5\x9b\xbd\xe5\x88\xb6\xe9\x80\xa0\xe2\x80\x9d\xe7\x9a\x84\xe5\x8f\x88\xe4\xb8\x80\xe4\xbc\xa0\xe5\xa5\x87\xe3\x80\x82', '', '', u'/rimowa/rimowa-topas-titanium-multiwheel-trolley-70-titanmetallic-rimowa_92370034--1.jpg', '', '', '', '', '1', '2', u'/rimowa/rimowa-topas-titanium-multiwheel-trolley-70-titanmetallic-rimowa_92370034--1.jpg', '', '', 'Rimowa Topas Titanium Multiwheel Trolley 70 titanmetallic', 'Rimowa Topas Titanium Multiwheel Trolley 70 titanmetallic.html', '4', '1', '10', '0', '1', '0', '0', '1', '1', '1', '0', '1', '1', '', '1', '0', '1', '0', '1', '0', '1', '0', '0', '', '', '', '', '', '', '', '', '', '', '', '', '', '', '', '', '', '', '', '1', '0')
failed product 0, outputted product 6, product list size 8
original product title: Rimowa Topas Titanium Multiwheel Trolley 73 titanmetallic
all comma replaced, it becomes: Rimowa Topas Titanium Multiwheel Trolley 73 titanmetallic
all space replaced, it becomes: Rimowa-Topas-Titanium-Multiwheel-Trolley-73-titanmetallic
all forward / replaced, it becomes: Rimowa-Topas-Titanium-Multiwheel-Trolley-73-titanmetallic
multiple - - - replaced, it becomes: Rimowa-Topas-Titanium-Multiwheel-Trolley-73-titanmetallic
umlaut replaced, it becomes: Rimowa-Topas-Titanium-Multiwheel-Trolley-73-titanmetallic
sku is Rimowa_92373034
row is Rimowa-Topas-Titanium-Multiwheel-Trolley-73-titanmetallic,
        description    ,€869.00,Rimowa_92373034,Rimowa Topas Titanium Multiwheel Trolley 73 titanmetallic,,,[Chinese Category]/休闲旅游
(u'Rimowa_92373034', 'base', 'Luggage', 'simple', '[Chinese Category]/\xe4\xbc\x91\xe9\x97\xb2\xe6\x97\x85\xe6\xb8\xb8', 'base', '', '', '', 'RIMOWA', '', '', '', '', 'Germany', '', '', '', '', '', u'\n        description    ', 'No', '', '', '0', u'/rimowa/rimowa-topas-titanium-multiwheel-trolley-73-titanmetallic-rimowa_92373034--2.jpg', '', '', '', '', u'Rimowa Topas Titanium Multiwheel Trolley 73 titanmetallic', u'Rimowa Topas Titanium Multiwheel Trolley 73 titanmetallic', u'Rimowa Topas Titanium Multiwheel Trolley 73 titanmetallic - AUSGER\u300c\u5fb7\u85dd\u7dfb\u300d\u5fb7\u570b\u7cbe\u54c1\u767e\u8ca8', '', '', 'Use config', 'Use config', u'Rimowa-Topas-Titanium-Multiwheel-Trolley-73-titanmetallic', '', '', 'Product Info Column', '', u'\u20ac869.00', '0', 'RIMOWA\xe9\xab\x98\xe7\xba\xa7\xe6\x97\x85\xe8\xa1\x8c\xe7\xae\xb1\xe5\x93\x81\xe7\x89\x8c\xe6\x98\xaf\xe5\xbe\xb7\xe5\x9b\xbd\xe4\xb8\xba\xe6\x95\xb0\xe4\xb8\x8d\xe5\xa4\x9a\xe7\x9a\x84\xe6\x97\x85\xe8\xa1\x8c\xe7\xae\xb1\xe7\x94\x9f\xe4\xba\xa7\xe5\x95\x86\xe4\xb9\x8b\xe4\xb8\x80\xef\xbc\x8c\xe4\xb9\x9f\xe6\x98\xaf\xe8\xa1\x8c\xe4\xb8\x9a\xe5\x86\x85\xe4\xbb\x85\xe6\x9c\x89\xe7\x9a\x84\xe6\x89\xbf\xe8\xa2\xad\xe7\x99\xbe\xe5\xb9\xb4\xe4\xbc\xa0\xe7\xbb\x9f\xe7\x9a\x84\xe7\x94\x9f\xe4\xba\xa7\xe5\x95\x86\xe4\xb9\x8b\xe4\xb8\x80\xe3\x80\x82\xe4\xba\xa7\xe5\x93\x81\xe9\x87\x87\xe7\x94\xa8\xe4\xba\x86\xe4\xbb\xa5\xe5\x9d\x9a\xe5\x9b\xba\xe3\x80\x81\xe8\x80\x90\xe7\x94\xa8\xe3\x80\x81\xe8\xbd\xbb\xe5\xb7\xa7\xe8\x91\x97\xe7\xa7\xb0\xe7\x9a\x84\xe9\x93\x9d\xe9\x95\x81\xe5\x90\x88\xe9\x87\x91\xe5\x8f\x8a\xe9\xab\x98\xe7\xa7\x91\xe6\x8a\x80\xe8\x81\x9a\xe7\xa2\xb3\xe9\x85\xb8\xe9\x85\xaf\xe4\xb8\xa4\xe7\xa7\x8d\xe6\x9d\x90\xe6\x96\x99\xe5\x88\xb6\xe4\xbd\x9c\xe8\x80\x8c\xe6\x88\x90\xef\xbc\x8c\xe9\x9b\x86\xe4\xbc\x98\xe8\xb4\xa8\xe7\xb4\xa0\xe6\x9d\x90\xe3\x80\x81\xe5\x8d\x93\xe8\xb6\x8a\xe7\xa7\x91\xe6\x8a\x80\xe3\x80\x81\xe7\x8b\xac\xe7\x89\xb9\xe8\xae\xbe\xe8\xae\xa1\xe5\x8f\x8a\xe8\xb6\x85\xe5\x87\xa1\xe6\x89\x8b\xe8\x89\xba\xe4\xba\x8e\xe4\xb8\x80\xe8\xba\xab\xef\xbc\x8c\xe6\x88\x90\xe4\xb8\xba\xe2\x80\x9c\xe5\xbe\xb7\xe5\x9b\xbd\xe5\x88\xb6\xe9\x80\xa0\xe2\x80\x9d\xe7\x9a\x84\xe5\x8f\x88\xe4\xb8\x80\xe4\xbc\xa0\xe5\xa5\x87\xe3\x80\x82', '', '', u'/rimowa/rimowa-topas-titanium-multiwheel-trolley-73-titanmetallic-rimowa_92373034--2.jpg', '', '', '', '', '1', '2', u'/rimowa/rimowa-topas-titanium-multiwheel-trolley-73-titanmetallic-rimowa_92373034--2.jpg', '', '', 'Rimowa Topas Titanium Multiwheel Trolley 73 titanmetallic', 'Rimowa Topas Titanium Multiwheel Trolley 73 titanmetallic.html', '4', '1', '10', '0', '1', '0', '0', '1', '1', '1', '0', '1', '1', '', '1', '0', '1', '0', '1', '0', '1', '0', '0', '', '', '', '', '', '', '', '', '', '', '', '', '', '', '', '', '', '', '', '1', '0')
failed product 0, outputted product 7, product list size 8
original product title: Rimowa Topas Stealth Multiwheel Trolley 77cm, schwarz metallic
all comma replaced, it becomes: Rimowa Topas Stealth Multiwheel Trolley 77cm-schwarz metallic
all space replaced, it becomes: Rimowa-Topas-Stealth-Multiwheel-Trolley-77cm-schwarz-metallic
all forward / replaced, it becomes: Rimowa-Topas-Stealth-Multiwheel-Trolley-77cm-schwarz-metallic
multiple - - - replaced, it becomes: Rimowa-Topas-Stealth-Multiwheel-Trolley-77cm-schwarz-metallic
umlaut replaced, it becomes: Rimowa-Topas-Stealth-Multiwheel-Trolley-77cm-schwarz-metallic
sku is Rimowa_92373014
row is Rimowa-Topas-Stealth-Multiwheel-Trolley-77cm-schwarz-metallic,
        description    ,€869.00,Rimowa_92373014,Rimowa Topas Stealth Multiwheel Trolley 77cm, schwarz metallic,,,[Chinese Category]/休闲旅游
(u'Rimowa_92373014', 'base', 'Luggage', 'simple', '[Chinese Category]/\xe4\xbc\x91\xe9\x97\xb2\xe6\x97\x85\xe6\xb8\xb8', 'base', '', '', '', 'RIMOWA', '', '', '', '', 'Germany', '', '', '', '', '', u'\n        description    ', 'No', '', '', '0', u'/rimowa/rimowa-topas-stealth-multiwheel-trolley-77cm-schwarz-metallic-rimowa_92373014--3.jpg', '', '', '', '', u'Rimowa Topas Stealth Multiwheel Trolley 77cm, schwarz metallic', u'Rimowa Topas Stealth Multiwheel Trolley 77cm, schwarz metallic', u'Rimowa Topas Stealth Multiwheel Trolley 77cm, schwarz metallic - AUSGER\u300c\u5fb7\u85dd\u7dfb\u300d\u5fb7\u570b\u7cbe\u54c1\u767e\u8ca8', '', '', 'Use config', 'Use config', u'Rimowa-Topas-Stealth-Multiwheel-Trolley-77cm-schwarz-metallic', '', '', 'Product Info Column', '', u'\u20ac869.00', '0', 'RIMOWA\xe9\xab\x98\xe7\xba\xa7\xe6\x97\x85\xe8\xa1\x8c\xe7\xae\xb1\xe5\x93\x81\xe7\x89\x8c\xe6\x98\xaf\xe5\xbe\xb7\xe5\x9b\xbd\xe4\xb8\xba\xe6\x95\xb0\xe4\xb8\x8d\xe5\xa4\x9a\xe7\x9a\x84\xe6\x97\x85\xe8\xa1\x8c\xe7\xae\xb1\xe7\x94\x9f\xe4\xba\xa7\xe5\x95\x86\xe4\xb9\x8b\xe4\xb8\x80\xef\xbc\x8c\xe4\xb9\x9f\xe6\x98\xaf\xe8\xa1\x8c\xe4\xb8\x9a\xe5\x86\x85\xe4\xbb\x85\xe6\x9c\x89\xe7\x9a\x84\xe6\x89\xbf\xe8\xa2\xad\xe7\x99\xbe\xe5\xb9\xb4\xe4\xbc\xa0\xe7\xbb\x9f\xe7\x9a\x84\xe7\x94\x9f\xe4\xba\xa7\xe5\x95\x86\xe4\xb9\x8b\xe4\xb8\x80\xe3\x80\x82\xe4\xba\xa7\xe5\x93\x81\xe9\x87\x87\xe7\x94\xa8\xe4\xba\x86\xe4\xbb\xa5\xe5\x9d\x9a\xe5\x9b\xba\xe3\x80\x81\xe8\x80\x90\xe7\x94\xa8\xe3\x80\x81\xe8\xbd\xbb\xe5\xb7\xa7\xe8\x91\x97\xe7\xa7\xb0\xe7\x9a\x84\xe9\x93\x9d\xe9\x95\x81\xe5\x90\x88\xe9\x87\x91\xe5\x8f\x8a\xe9\xab\x98\xe7\xa7\x91\xe6\x8a\x80\xe8\x81\x9a\xe7\xa2\xb3\xe9\x85\xb8\xe9\x85\xaf\xe4\xb8\xa4\xe7\xa7\x8d\xe6\x9d\x90\xe6\x96\x99\xe5\x88\xb6\xe4\xbd\x9c\xe8\x80\x8c\xe6\x88\x90\xef\xbc\x8c\xe9\x9b\x86\xe4\xbc\x98\xe8\xb4\xa8\xe7\xb4\xa0\xe6\x9d\x90\xe3\x80\x81\xe5\x8d\x93\xe8\xb6\x8a\xe7\xa7\x91\xe6\x8a\x80\xe3\x80\x81\xe7\x8b\xac\xe7\x89\xb9\xe8\xae\xbe\xe8\xae\xa1\xe5\x8f\x8a\xe8\xb6\x85\xe5\x87\xa1\xe6\x89\x8b\xe8\x89\xba\xe4\xba\x8e\xe4\xb8\x80\xe8\xba\xab\xef\xbc\x8c\xe6\x88\x90\xe4\xb8\xba\xe2\x80\x9c\xe5\xbe\xb7\xe5\x9b\xbd\xe5\x88\xb6\xe9\x80\xa0\xe2\x80\x9d\xe7\x9a\x84\xe5\x8f\x88\xe4\xb8\x80\xe4\xbc\xa0\xe5\xa5\x87\xe3\x80\x82', '', '', u'/rimowa/rimowa-topas-stealth-multiwheel-trolley-77cm-schwarz-metallic-rimowa_92373014--3.jpg', '', '', '', '', '1', '2', u'/rimowa/rimowa-topas-stealth-multiwheel-trolley-77cm-schwarz-metallic-rimowa_92373014--3.jpg', '', '', 'Rimowa Topas Stealth Multiwheel Trolley 77cm, schwarz metallic', 'Rimowa Topas Stealth Multiwheel Trolley 77cm, schwarz metallic.html', '4', '1', '10', '0', '1', '0', '0', '1', '1', '1', '0', '1', '1', '', '1', '0', '1', '0', '1', '0', '1', '0', '0', '', '', '', '', '', '', '', '', '', '', '', '', '', '', '', '', '', '', '', '1', '0')
failed product 0, outputted product 8, product list size 8
failed product: 
