last part of URL: 42009
search result - current product_id: 42009
chinese product details page is: http://www.amazon.cn/%E7%8E%A9%E5%85%B7/dp/B00B0IDCJM
product title in the search result is LEGO 乐高 机械组 MK II  移动起重机 42009
Lego product 42009 found in the search result
last part of URL: 42025
search result - current product_id: 42025
parse details - current product_id: 42009
image title LEGO 乐高 机械组 MK II  移动起重机 42009
product image url: http://ec4.images-amazon.com/images/I/716XHlEBevL._SL1000_.jpg
last part of URL: 44003
search result - current product_id: 44003
chinese product details page is: http://www.amazon.cn/%E7%8E%A9%E5%85%B7/dp/B0094J43NS
product title in the search result is LEGO 乐高 英雄工厂系列 沙虫怪 44003
Lego product 44003 found in the search result
last part of URL: 44029
search result - current product_id: 44029
chinese product details page is: http://www.amazon.cn/%E7%8E%A9%E5%85%B7/dp/B00HUN0KF0
product title in the search result is LEGO 乐高 Hero Factor英雄工厂 华光、翼豪和强袭决战女王兽 拼插类玩具 44029
Lego product 44029 found in the search result
parse details - current product_id: 44003
data-old-hires is empty
dyn images {"http://ec4.images-amazon.com/images/I/51zHlOK0MxL.jpg":[478,500],"http://ec4.images-amazon.com/images/I/51zHlOK0MxL._SX425_.jpg":[425,445],"http://ec4.images-amazon.com/images/I/51zHlOK0MxL._SX466_.jpg":[466,487],"http://ec4.images-amazon.com/images/I/51zHlOK0MxL._SY355_.jpg":[339,355],"http://ec4.images-amazon.com/images/I/51zHlOK0MxL._SY450_.jpg":[430,450]}
after cleanup: http://ec4.images-amazon.com/images/I/51zHlOK0MxL.jpg,http://ec4.images-amazon.com/images/I/51zHlOK0MxL._SX425_.jpg,http://ec4.images-amazon.com/images/I/51zHlOK0MxL._SX466_.jpg,http://ec4.images-amazon.com/images/I/51zHlOK0MxL._SY355_.jpg,http://ec4.images-amazon.com/images/I/51zHlOK0MxL._SY450_.jpg
image title LEGO 乐高 英雄工厂系列 沙虫怪 44003
product image url: http://ec4.images-amazon.com/images/I/51zHlOK0MxL._SY450_.jpg
parse details - current product_id: 44029
image title LEGO 乐高 Hero Factor英雄工厂 华光、翼豪和强袭决战女王兽 拼插类玩具 44029
product image url: http://ec4.images-amazon.com/images/I/718jcQ6hZAL._SL1000_.jpg
last part of URL: 60004
search result - current product_id: 60004
chinese product details page is: http://www.amazon.cn/%E7%8E%A9%E5%85%B7/dp/B0094J7JZW
product title in the search result is LEGO 乐高 城市组 消防总局 60004
Lego product 60004 found in the search result
last part of URL: 60047
search result - current product_id: 60047
chinese product details page is: http://www.amazon.cn/%E7%8E%A9%E5%85%B7/dp/B00F3B3AYE
product title in the search result is LEGO 乐高 城市组 警察总局 60047
Lego product 60047 found in the search result
parse details - current product_id: 60004
data-old-hires is empty
dyn images {"http://ec4.images-amazon.com/images/I/61oE34WjAFL._SX355_.jpg":[355,285],"http://ec4.images-amazon.com/images/I/61oE34WjAFL.jpg":[500,401],"http://ec4.images-amazon.com/images/I/61oE34WjAFL._SX466_.jpg":[466,374],"http://ec4.images-amazon.com/images/I/61oE34WjAFL._SX425_.jpg":[425,341],"http://ec4.images-amazon.com/images/I/61oE34WjAFL._SX450_.jpg":[450,361]}
after cleanup: http://ec4.images-amazon.com/images/I/61oE34WjAFL._SX355_.jpg,http://ec4.images-amazon.com/images/I/61oE34WjAFL.jpg,http://ec4.images-amazon.com/images/I/61oE34WjAFL._SX466_.jpg,http://ec4.images-amazon.com/images/I/61oE34WjAFL._SX425_.jpg,http://ec4.images-amazon.com/images/I/61oE34WjAFL._SX450_.jpg
image title LEGO 乐高 城市组 消防总局 60004
product image url: http://ec4.images-amazon.com/images/I/61oE34WjAFL._SX450_.jpg
parse details - current product_id: 60047
image title LEGO 乐高 城市组 警察总局 60047
product image url: http://ec4.images-amazon.com/images/I/81t0CRFShpL._SL1500_.jpg
last part of URL: 60048
search result - current product_id: 60048
chinese product details page is: http://www.amazon.cn/%E7%8E%A9%E5%85%B7/dp/B00F3B3AV2
product title in the search result is LEGO 乐高 城市组 警犬突击队 60048
Lego product 60048 found in the search result
last part of URL: 60050
search result - current product_id: 60050
chinese product details page is: http://www.amazon.cn/%E7%8E%A9%E5%85%B7/dp/B00I4IXJ3K
product title in the search result is LEGO 乐高 拼插类玩具 City城市系列 火车站60050
Lego product 60050 found in the search result
parse details - current product_id: 60048
image title LEGO 乐高 城市组 警犬突击队 60048
product image url: http://ec4.images-amazon.com/images/I/7111cUpTzfL._SL1000_.jpg
parse details - current product_id: 60050
data-old-hires is empty
dyn images {"http://ec4.images-amazon.com/images/I/510-0I8BtLL._SX425_.jpg":[425,325],"http://ec4.images-amazon.com/images/I/510-0I8BtLL._SX450_.jpg":[450,344],"http://ec4.images-amazon.com/images/I/510-0I8BtLL._SX355_.jpg":[355,271],"http://ec4.images-amazon.com/images/I/510-0I8BtLL._SX466_.jpg":[466,356],"http://ec4.images-amazon.com/images/I/510-0I8BtLL.jpg":[500,382]}
after cleanup: http://ec4.images-amazon.com/images/I/510-0I8BtLL._SX425_.jpg,http://ec4.images-amazon.com/images/I/510-0I8BtLL._SX450_.jpg,http://ec4.images-amazon.com/images/I/510-0I8BtLL._SX355_.jpg,http://ec4.images-amazon.com/images/I/510-0I8BtLL._SX466_.jpg,http://ec4.images-amazon.com/images/I/510-0I8BtLL.jpg
image title LEGO 乐高 拼插类玩具 City城市系列 火车站60050
product image url: http://ec4.images-amazon.com/images/I/510-0I8BtLL.jpg
last part of URL: 60055
search result - current product_id: 60055
chinese product details page is: http://www.amazon.cn/%E7%8E%A9%E5%85%B7/dp/B00F3B3CM4
product title in the search result is LEGO 乐高 城市组 巨轮卡车 60055
Lego product 60055 found in the search result
last part of URL: 60057
search result - current product_id: 60057
chinese product details page is: http://www.amazon.cn/%E7%8E%A9%E5%85%B7/dp/B00F3B3CK6
product title in the search result is LEGO 乐高 城市组 野营旅行车 60057
Lego product 60057 found in the search result
parse details - current product_id: 60055
image title LEGO 乐高 城市组 巨轮卡车 60055
product image url: http://ec4.images-amazon.com/images/I/71suNlAdRoL._SL1000_.jpg
parse details - current product_id: 60057
image title LEGO 乐高 城市组 野营旅行车 60057
product image url: http://ec4.images-amazon.com/images/I/71Q8eeLEbTL._SL1000_.jpg
last part of URL: 60060
search result - current product_id: 60060
chinese product details page is: http://www.amazon.cn/%E7%8E%A9%E5%85%B7/dp/B00F3B3EKE
product title in the search result is LEGO 乐高 城市组 汽车运输车 60060
Lego product 60060 found in the search result
last part of URL: 60069
search result - current product_id: 60069
chinese product details page is: http://www.amazon.cn/%E7%8E%A9%E5%85%B7/dp/B00NGJC4HE
product title in the search result is LEGO 乐高 拼插类玩具 City城市系列 沼泽警察局 L60069
Lego product 60069 found in the search result
parse details - current product_id: 60060
image title LEGO 乐高 城市组 汽车运输车 60060
product image url: http://ec4.images-amazon.com/images/I/71yV6YSqdgL._SL1000_.jpg
parse details - current product_id: 60069
image title LEGO 乐高 拼插类玩具 City城市系列 沼泽警察局 L60069
product image url: http://ec4.images-amazon.com/images/I/91bf0bOAFKL._SL1500_.jpg
last part of URL: 60085
search result - current product_id: 60085
chinese product details page is: http://www.amazon.cn/%E7%8E%A9%E5%85%B7/dp/B00NVDMKB0
product title in the search result is LEGO 乐高 拼插类玩具 City城市系列 4x4 赛艇运输车 60085
Lego product 60085 found in the search result
last part of URL: 60086
search result - current product_id: 60086
chinese product details page is: http://www.amazon.cn/%E7%8E%A9%E5%85%B7/dp/B00NVDOIMY
product title in the search result is LEGO 乐高 拼插类玩具 City城市系列 城市入门套装242片 60086
Lego product 60086 found in the search result
parse details - current product_id: 60085
image title LEGO 乐高 拼插类玩具 City城市系列 4x4 赛艇运输车 60085
product image url: http://ec8.images-amazon.com/images/I/81entxeTXfL._SL1500_.jpg
parse details - current product_id: 60086
data-old-hires is empty
dyn images {"http://ec4.images-amazon.com/images/I/61q16QhXA8L._SY450_.jpg":[429,450],"http://ec4.images-amazon.com/images/I/61q16QhXA8L._SY355_.jpg":[339,355],"http://ec4.images-amazon.com/images/I/61q16QhXA8L._SX466_.jpg":[466,488],"http://ec4.images-amazon.com/images/I/61q16QhXA8L.jpg":[477,500],"http://ec4.images-amazon.com/images/I/61q16QhXA8L._SX425_.jpg":[425,445]}
after cleanup: http://ec4.images-amazon.com/images/I/61q16QhXA8L._SY450_.jpg,http://ec4.images-amazon.com/images/I/61q16QhXA8L._SY355_.jpg,http://ec4.images-amazon.com/images/I/61q16QhXA8L._SX466_.jpg,http://ec4.images-amazon.com/images/I/61q16QhXA8L.jpg,http://ec4.images-amazon.com/images/I/61q16QhXA8L._SX425_.jpg
image title LEGO 乐高 拼插类玩具 City城市系列 城市入门套装242片 60086
product image url: http://ec4.images-amazon.com/images/I/61q16QhXA8L._SX425_.jpg
last part of URL: 60088
search result - current product_id: 60088
chinese product details page is: http://www.amazon.cn/%E7%8E%A9%E5%85%B7/dp/B00NGJC03M
product title in the search result is LEGO 乐高 拼插类玩具 City城市系列 消防入门套装 60088
Lego product 60088 found in the search result
last part of URL: 6176
search result - current product_id: 6176
chinese product details page is: http://www.amazon.cn/LEGO-%E4%B9%90%E9%AB%98-%E5%BE%97%E5%AE%9D%E5%88%9B%E6%84%8F%E6%8B%BC%E7%A0%8C%E7%B3%BB%E5%88%97-%E5%BE%97%E5%AE%9D%E9%A2%97%E7%B2%92%E8%B1%AA%E5%8D%8E%E8%A3%856176/dp/B002NSM988
product title in the search result is LEGO 乐高 得宝创意拼砌系列 得宝颗粒豪华装6176
Lego product 6176 found in the search result
parse details - current product_id: 60088
data-old-hires is empty
dyn images {"http://ec4.images-amazon.com/images/I/61rkAdsEkOL.jpg":[500,393],"http://ec4.images-amazon.com/images/I/61rkAdsEkOL._SX466_.jpg":[466,366],"http://ec4.images-amazon.com/images/I/61rkAdsEkOL._SX355_.jpg":[355,279],"http://ec4.images-amazon.com/images/I/61rkAdsEkOL._SX425_.jpg":[425,334],"http://ec4.images-amazon.com/images/I/61rkAdsEkOL._SX450_.jpg":[450,354]}
after cleanup: http://ec4.images-amazon.com/images/I/61rkAdsEkOL.jpg,http://ec4.images-amazon.com/images/I/61rkAdsEkOL._SX466_.jpg,http://ec4.images-amazon.com/images/I/61rkAdsEkOL._SX355_.jpg,http://ec4.images-amazon.com/images/I/61rkAdsEkOL._SX425_.jpg,http://ec4.images-amazon.com/images/I/61rkAdsEkOL._SX450_.jpg
image title LEGO 乐高 拼插类玩具 City城市系列 消防入门套装 60088
product image url: http://ec4.images-amazon.com/images/I/61rkAdsEkOL._SX450_.jpg
parse details - current product_id: 6176
image title LEGO 乐高 得宝创意拼砌系列 得宝颗粒豪华装6176
product image url: http://ec4.images-amazon.com/images/I/716mzZbFPiL._SL1000_.jpg
last part of URL: 70144
search result - current product_id: 70144
chinese product details page is: http://www.amazon.cn/%E7%8E%A9%E5%85%B7/dp/B00I4IW9JU
product title in the search result is LEGO 乐高 Chima气功传奇系列 火与冰的对决 无敌狮的烈焰金狮战车 70144
Lego product 70144 found in the search result
last part of URL: 70145
search result - current product_id: 70145
chinese product details page is: http://www.amazon.cn/%E7%8E%A9%E5%85%B7/dp/B00H45QWJC
product title in the search result is LEGO 乐高 Chima气功传奇系列 火与冰的对决 象女王的寒冰机器猛犸象 70145
Lego product 70145 found in the search result
parse details - current product_id: 70144
data-old-hires is empty
dyn images {"http://ec4.images-amazon.com/images/I/611da1A39DL._SX425_.jpg":[425,460],"http://ec4.images-amazon.com/images/I/611da1A39DL._SY450_.jpg":[416,450],"http://ec4.images-amazon.com/images/I/611da1A39DL.jpg":[462,500],"http://ec4.images-amazon.com/images/I/611da1A39DL._SY355_.jpg":[328,355]}
after cleanup: http://ec4.images-amazon.com/images/I/611da1A39DL._SX425_.jpg,http://ec4.images-amazon.com/images/I/611da1A39DL._SY450_.jpg,http://ec4.images-amazon.com/images/I/611da1A39DL.jpg,http://ec4.images-amazon.com/images/I/611da1A39DL._SY355_.jpg
image title LEGO 乐高 Chima气功传奇系列 火与冰的对决 无敌狮的烈焰金狮战车 70144
product image url: http://ec4.images-amazon.com/images/I/611da1A39DL._SY355_.jpg
parse details - current product_id: 70145
image title LEGO 乐高 Chima气功传奇系列 火与冰的对决 象女王的寒冰机器猛犸象 70145
product image url: http://ec4.images-amazon.com/images/I/91k%2BgZCKc8L._SL1500_.jpg
last part of URL: 70146
search result - current product_id: 70146
chinese product details page is: http://www.amazon.cn/%E7%8E%A9%E5%85%B7/dp/B00I4IWBCK
product title in the search result is LEGO 乐高 Chima气功传奇 火与冰的对决 烈焰凤凰飞天神殿 70146
Lego product 70146 found in the search result
last part of URL: 70228
search result - current product_id: 70228
chinese product details page is: http://www.amazon.cn/%E7%8E%A9%E5%85%B7/dp/B00P20V25U
product title in the search result is LEGO 乐高 拼插类玩具 Chima 气功传奇系列 风行鹫的攻击战斗机 L70228
Lego product 70228 found in the search result
parse details - current product_id: 70146
image title LEGO 乐高 Chima气功传奇 火与冰的对决 烈焰凤凰飞天神殿 70146
product image url: http://ec4.images-amazon.com/images/I/91UbafQCB4L._SL1500_.jpg
parse details - current product_id: 70228
image title LEGO 乐高 拼插类玩具 Chima 气功传奇系列 风行鹫的攻击战斗机 L70228
product image url: http://ec4.images-amazon.com/images/I/71NXEkDbLKL._SL1000_.jpg
last part of URL: 70745
search result - current product_id: 70745
chinese product details page is: http://www.amazon.cn/%E7%8E%A9%E5%85%B7/dp/B00NVDMDK8
product title in the search result is LEGO 乐高 拼插类玩具 Ninjago幻影忍者系列 狂蟒粉碎战车 70745
Lego product 70745 found in the search result
last part of URL: 70746
search result - current product_id: 70746
chinese product details page is: http://www.amazon.cn/%E7%8E%A9%E5%85%B7/dp/B00NVDKQ3O
product title in the search result is LEGO 乐高 拼插类玩具 Ninjago幻影忍者系列 狂蟒掠夺者直升机 70746
Lego product 70746 found in the search result
parse details - current product_id: 70745
data-old-hires is empty
dyn images {"http://ec4.images-amazon.com/images/I/61FrqwBuhNL._SX466_.jpg":[466,466],"http://ec4.images-amazon.com/images/I/61FrqwBuhNL.jpg":[500,500],"http://ec4.images-amazon.com/images/I/61FrqwBuhNL._SY450_.jpg":[450,450],"http://ec4.images-amazon.com/images/I/61FrqwBuhNL._SX425_.jpg":[425,425],"http://ec4.images-amazon.com/images/I/61FrqwBuhNL._SY355_.jpg":[355,355]}
after cleanup: http://ec4.images-amazon.com/images/I/61FrqwBuhNL._SX466_.jpg,http://ec4.images-amazon.com/images/I/61FrqwBuhNL.jpg,http://ec4.images-amazon.com/images/I/61FrqwBuhNL._SY450_.jpg,http://ec4.images-amazon.com/images/I/61FrqwBuhNL._SX425_.jpg,http://ec4.images-amazon.com/images/I/61FrqwBuhNL._SY355_.jpg
image title LEGO 乐高 拼插类玩具 Ninjago幻影忍者系列 狂蟒粉碎战车 70745
product image url: http://ec4.images-amazon.com/images/I/61FrqwBuhNL._SY355_.jpg
parse details - current product_id: 70746
data-old-hires is empty
dyn images {"http://ec4.images-amazon.com/images/I/61rvUOckQ8L.jpg":[500,500],"http://ec4.images-amazon.com/images/I/61rvUOckQ8L._SX466_.jpg":[466,466],"http://ec4.images-amazon.com/images/I/61rvUOckQ8L._SY450_.jpg":[450,450],"http://ec4.images-amazon.com/images/I/61rvUOckQ8L._SY355_.jpg":[355,355],"http://ec4.images-amazon.com/images/I/61rvUOckQ8L._SX425_.jpg":[425,425]}
after cleanup: http://ec4.images-amazon.com/images/I/61rvUOckQ8L.jpg,http://ec4.images-amazon.com/images/I/61rvUOckQ8L._SX466_.jpg,http://ec4.images-amazon.com/images/I/61rvUOckQ8L._SY450_.jpg,http://ec4.images-amazon.com/images/I/61rvUOckQ8L._SY355_.jpg,http://ec4.images-amazon.com/images/I/61rvUOckQ8L._SX425_.jpg
image title LEGO 乐高 拼插类玩具 Ninjago幻影忍者系列 狂蟒掠夺者直升机 70746
product image url: http://ec4.images-amazon.com/images/I/61rvUOckQ8L._SX425_.jpg
last part of URL: 70748
search result - current product_id: 70748
chinese product details page is: http://www.amazon.cn/%E7%8E%A9%E5%85%B7/dp/B00NVDMKOC
product title in the search result is LEGO 乐高 拼插类玩具 Ninjago幻影忍者系列 钛之神龙 70748
Lego product 70748 found in the search result
last part of URL: 70749
search result - current product_id: 70749
chinese product details page is: http://www.amazon.cn/%E7%8E%A9%E5%85%B7/dp/B00NVDM4XO
product title in the search result is LEGO 乐高 拼插类玩具 Ninjago幻影忍者系列 勇闯狂蟒碉堡 70749
Lego product 70749 found in the search result
parse details - current product_id: 70748
data-old-hires is empty
dyn images {"http://ec4.images-amazon.com/images/I/61iedfi67XL._SX466_.jpg":[466,466],"http://ec4.images-amazon.com/images/I/61iedfi67XL._SY450_.jpg":[450,450],"http://ec4.images-amazon.com/images/I/61iedfi67XL._SY355_.jpg":[355,355],"http://ec4.images-amazon.com/images/I/61iedfi67XL._SX425_.jpg":[425,425],"http://ec4.images-amazon.com/images/I/61iedfi67XL.jpg":[500,500]}
after cleanup: http://ec4.images-amazon.com/images/I/61iedfi67XL._SX466_.jpg,http://ec4.images-amazon.com/images/I/61iedfi67XL._SY450_.jpg,http://ec4.images-amazon.com/images/I/61iedfi67XL._SY355_.jpg,http://ec4.images-amazon.com/images/I/61iedfi67XL._SX425_.jpg,http://ec4.images-amazon.com/images/I/61iedfi67XL.jpg
image title LEGO 乐高 拼插类玩具 Ninjago幻影忍者系列 钛之神龙 70748
product image url: http://ec4.images-amazon.com/images/I/61iedfi67XL.jpg
parse details - current product_id: 70749
data-old-hires is empty
dyn images {"http://ec4.images-amazon.com/images/I/619jKVh5vCL._SY450_.jpg":[450,450],"http://ec4.images-amazon.com/images/I/619jKVh5vCL.jpg":[500,500],"http://ec4.images-amazon.com/images/I/619jKVh5vCL._SX466_.jpg":[466,466],"http://ec4.images-amazon.com/images/I/619jKVh5vCL._SX425_.jpg":[425,425],"http://ec4.images-amazon.com/images/I/619jKVh5vCL._SY355_.jpg":[355,355]}
after cleanup: http://ec4.images-amazon.com/images/I/619jKVh5vCL._SY450_.jpg,http://ec4.images-amazon.com/images/I/619jKVh5vCL.jpg,http://ec4.images-amazon.com/images/I/619jKVh5vCL._SX466_.jpg,http://ec4.images-amazon.com/images/I/619jKVh5vCL._SX425_.jpg,http://ec4.images-amazon.com/images/I/619jKVh5vCL._SY355_.jpg
image title LEGO 乐高 拼插类玩具 Ninjago幻影忍者系列 勇闯狂蟒碉堡 70749
product image url: http://ec4.images-amazon.com/images/I/619jKVh5vCL._SY355_.jpg
last part of URL: 70750
search result - current product_id: 70750
chinese product details page is: http://www.amazon.cn/%E7%8E%A9%E5%85%B7/dp/B00NVDP45O
product title in the search result is LEGO 乐高 拼插类玩具 Ninjago幻影忍者系列 忍者移动指挥所 70750
Lego product 70750 found in the search result
last part of URL: 70753
search result - current product_id: 70753
chinese product details page is: http://www.amazon.cn/%E7%8E%A9%E5%85%B7/dp/B00NVDOPGS
product title in the search result is LEGO 乐高 拼插类玩具 Ninjago幻影忍者系列 决战熔岩谷 70753
Lego product 70753 found in the search result
parse details - current product_id: 70750
data-old-hires is empty
dyn images {"http://ec4.images-amazon.com/images/I/61WoR64crQL._SY450_.jpg":[450,450],"http://ec4.images-amazon.com/images/I/61WoR64crQL.jpg":[500,500],"http://ec4.images-amazon.com/images/I/61WoR64crQL._SX466_.jpg":[466,466],"http://ec4.images-amazon.com/images/I/61WoR64crQL._SY355_.jpg":[355,355],"http://ec4.images-amazon.com/images/I/61WoR64crQL._SX425_.jpg":[425,425]}
after cleanup: http://ec4.images-amazon.com/images/I/61WoR64crQL._SY450_.jpg,http://ec4.images-amazon.com/images/I/61WoR64crQL.jpg,http://ec4.images-amazon.com/images/I/61WoR64crQL._SX466_.jpg,http://ec4.images-amazon.com/images/I/61WoR64crQL._SY355_.jpg,http://ec4.images-amazon.com/images/I/61WoR64crQL._SX425_.jpg
image title LEGO 乐高 拼插类玩具 Ninjago幻影忍者系列 忍者移动指挥所 70750
product image url: http://ec4.images-amazon.com/images/I/61WoR64crQL._SX425_.jpg
parse details - current product_id: 70753
data-old-hires is empty
dyn images {"http://ec4.images-amazon.com/images/I/510E%2BuXHDzL.jpg":[500,500],"http://ec4.images-amazon.com/images/I/510E%2BuXHDzL._SY355_.jpg":[355,355],"http://ec4.images-amazon.com/images/I/510E%2BuXHDzL._SX425_.jpg":[425,425],"http://ec4.images-amazon.com/images/I/510E%2BuXHDzL._SX466_.jpg":[466,466],"http://ec4.images-amazon.com/images/I/510E%2BuXHDzL._SY450_.jpg":[450,450]}
after cleanup: http://ec4.images-amazon.com/images/I/510E%2BuXHDzL.jpg,http://ec4.images-amazon.com/images/I/510E%2BuXHDzL._SY355_.jpg,http://ec4.images-amazon.com/images/I/510E%2BuXHDzL._SX425_.jpg,http://ec4.images-amazon.com/images/I/510E%2BuXHDzL._SX466_.jpg,http://ec4.images-amazon.com/images/I/510E%2BuXHDzL._SY450_.jpg
image title LEGO 乐高 拼插类玩具 Ninjago幻影忍者系列 决战熔岩谷 70753
product image url: http://ec4.images-amazon.com/images/I/510E%2BuXHDzL._SY450_.jpg
last part of URL: 70754
search result - current product_id: 70754
chinese product details page is: http://www.amazon.cn/%E7%8E%A9%E5%85%B7/dp/B00NVDO1K8
product title in the search result is LEGO 乐高 拼插类玩具 Ninjago幻影忍者系列 忍者电光机甲 70754
Lego product 70754 found in the search result
last part of URL: 70755
search result - current product_id: 70755
chinese product details page is: http://www.amazon.cn/%E7%8E%A9%E5%85%B7/dp/B00NVDOGX0
product title in the search result is LEGO 乐高 拼插类玩具 Ninjago幻影忍者系列 丛林冲锋车 70755
Lego product 70755 found in the search result
parse details - current product_id: 70754
data-old-hires is empty
dyn images {"http://ec8.images-amazon.com/images/I/51pN9Wy8oVL._SY355_.jpg":[355,355],"http://ec8.images-amazon.com/images/I/51pN9Wy8oVL.jpg":[500,500],"http://ec8.images-amazon.com/images/I/51pN9Wy8oVL._SX425_.jpg":[425,425],"http://ec8.images-amazon.com/images/I/51pN9Wy8oVL._SX466_.jpg":[466,466],"http://ec8.images-amazon.com/images/I/51pN9Wy8oVL._SY450_.jpg":[450,450]}
after cleanup: http://ec8.images-amazon.com/images/I/51pN9Wy8oVL._SY355_.jpg,http://ec8.images-amazon.com/images/I/51pN9Wy8oVL.jpg,http://ec8.images-amazon.com/images/I/51pN9Wy8oVL._SX425_.jpg,http://ec8.images-amazon.com/images/I/51pN9Wy8oVL._SX466_.jpg,http://ec8.images-amazon.com/images/I/51pN9Wy8oVL._SY450_.jpg
image title LEGO 乐高 拼插类玩具 Ninjago幻影忍者系列 忍者电光机甲 70754
product image url: http://ec8.images-amazon.com/images/I/51pN9Wy8oVL._SY450_.jpg
parse details - current product_id: 70755
data-old-hires is empty
dyn images {"http://ec4.images-amazon.com/images/I/61SrUt98HAL._SX425_.jpg":[425,425],"http://ec4.images-amazon.com/images/I/61SrUt98HAL.jpg":[500,500],"http://ec4.images-amazon.com/images/I/61SrUt98HAL._SY355_.jpg":[355,355],"http://ec4.images-amazon.com/images/I/61SrUt98HAL._SX466_.jpg":[466,466],"http://ec4.images-amazon.com/images/I/61SrUt98HAL._SY450_.jpg":[450,450]}
after cleanup: http://ec4.images-amazon.com/images/I/61SrUt98HAL._SX425_.jpg,http://ec4.images-amazon.com/images/I/61SrUt98HAL.jpg,http://ec4.images-amazon.com/images/I/61SrUt98HAL._SY355_.jpg,http://ec4.images-amazon.com/images/I/61SrUt98HAL._SX466_.jpg,http://ec4.images-amazon.com/images/I/61SrUt98HAL._SY450_.jpg
image title LEGO 乐高 拼插类玩具 Ninjago幻影忍者系列 丛林冲锋车 70755
product image url: http://ec4.images-amazon.com/images/I/61SrUt98HAL._SY450_.jpg
last part of URL: 70756
search result - current product_id: 70756
chinese product details page is: http://www.amazon.cn/%E7%8E%A9%E5%85%B7/dp/B00T3N95U6
product title in the search result is LEGO 乐高 拼插类玩具 Ninjago幻影忍者系列 大战忍术训练场 70756
Lego product 70756 found in the search result
last part of URL: 70784
search result - current product_id: 70784
chinese product details page is: http://www.amazon.cn/%E7%8E%A9%E5%85%B7/dp/B00NVDJQEY
product title in the search result is LEGO 乐高 拼插类玩具 Bionicle生化战士 利华—丛林英雄 70784
Lego product 70784 found in the search result
parse details - current product_id: 70756
data-old-hires is empty
dyn images {"http://ec4.images-amazon.com/images/I/61NunSRVqbL.jpg":[500,500],"http://ec4.images-amazon.com/images/I/61NunSRVqbL._SX425_.jpg":[425,425],"http://ec4.images-amazon.com/images/I/61NunSRVqbL._SX466_.jpg":[466,466],"http://ec4.images-amazon.com/images/I/61NunSRVqbL._SY450_.jpg":[450,450],"http://ec4.images-amazon.com/images/I/61NunSRVqbL._SY355_.jpg":[355,355]}
after cleanup: http://ec4.images-amazon.com/images/I/61NunSRVqbL.jpg,http://ec4.images-amazon.com/images/I/61NunSRVqbL._SX425_.jpg,http://ec4.images-amazon.com/images/I/61NunSRVqbL._SX466_.jpg,http://ec4.images-amazon.com/images/I/61NunSRVqbL._SY450_.jpg,http://ec4.images-amazon.com/images/I/61NunSRVqbL._SY355_.jpg
image title LEGO 乐高 拼插类玩具 Ninjago幻影忍者系列 大战忍术训练场 70756
product image url: http://ec4.images-amazon.com/images/I/61NunSRVqbL._SY355_.jpg
parse details - current product_id: 70784
data-old-hires is empty
dyn images {"http://ec4.images-amazon.com/images/I/51vUqXIYNEL._SX425_.jpg":[425,425],"http://ec4.images-amazon.com/images/I/51vUqXIYNEL._SY355_.jpg":[355,355],"http://ec4.images-amazon.com/images/I/51vUqXIYNEL._SX466_.jpg":[466,466],"http://ec4.images-amazon.com/images/I/51vUqXIYNEL.jpg":[500,500],"http://ec4.images-amazon.com/images/I/51vUqXIYNEL._SY450_.jpg":[450,450]}
after cleanup: http://ec4.images-amazon.com/images/I/51vUqXIYNEL._SX425_.jpg,http://ec4.images-amazon.com/images/I/51vUqXIYNEL._SY355_.jpg,http://ec4.images-amazon.com/images/I/51vUqXIYNEL._SX466_.jpg,http://ec4.images-amazon.com/images/I/51vUqXIYNEL.jpg,http://ec4.images-amazon.com/images/I/51vUqXIYNEL._SY450_.jpg
image title LEGO 乐高 拼插类玩具 Bionicle生化战士 利华—丛林英雄 70784
product image url: http://ec4.images-amazon.com/images/I/51vUqXIYNEL._SY450_.jpg
last part of URL: 75038
search result - current product_id: 75038
chinese product details page is: http://www.amazon.cn/%E7%8E%A9%E5%85%B7/dp/B00F3B3ZGC
product title in the search result is LEGO 乐高 星球大战系列 绝地 拦截机 75038
Lego product 75038 found in the search result
last part of URL: 75040
search result - current product_id: 75040
chinese product details page is: http://www.amazon.cn/%E7%8E%A9%E5%85%B7/dp/B00F3B41A6
product title in the search result is LEGO 乐高 星球大战系列 格雷沃斯将军的转轮战车 75040
Lego product 75040 found in the search result
parse details - current product_id: 75038
image title LEGO 乐高 星球大战系列 绝地 拦截机 75038
product image url: http://ec4.images-amazon.com/images/I/71scEwGPkaL._SL1000_.jpg
parse details - current product_id: 75040
image title LEGO 乐高 星球大战系列 格雷沃斯将军的转轮战车 75040
product image url: http://ec4.images-amazon.com/images/I/81IxvMLvAaL._SL1500_.jpg
last part of URL: 75076
search result - current product_id: 75076
chinese product details page is: http://www.amazon.cn/%E7%8E%A9%E5%85%B7/dp/B00NVDNUNW
product title in the search result is LEGO 乐高 拼插类玩具 Star Wars星球大战系列 共和国炮艇 75076
Lego product 75076 found in the search result
last part of URL: 75077
search result - current product_id: 75077
chinese product details page is: http://www.amazon.cn/%E7%8E%A9%E5%85%B7/dp/B00NVDNLCM
product title in the search result is LEGO 乐高 拼插类玩具 Star Wars星球大战系列 跟踪制导蜘蛛机器人 75077
Lego product 75077 found in the search result
parse details - current product_id: 75076
data-old-hires is empty
dyn images {"http://ec4.images-amazon.com/images/I/611Rq-XxeNL.jpg":[500,416],"http://ec4.images-amazon.com/images/I/611Rq-XxeNL._SX450_.jpg":[450,374],"http://ec4.images-amazon.com/images/I/611Rq-XxeNL._SX355_.jpg":[355,295],"http://ec4.images-amazon.com/images/I/611Rq-XxeNL._SX425_.jpg":[425,354],"http://ec4.images-amazon.com/images/I/611Rq-XxeNL._SX466_.jpg":[466,388]}
after cleanup: http://ec4.images-amazon.com/images/I/611Rq-XxeNL.jpg,http://ec4.images-amazon.com/images/I/611Rq-XxeNL._SX450_.jpg,http://ec4.images-amazon.com/images/I/611Rq-XxeNL._SX355_.jpg,http://ec4.images-amazon.com/images/I/611Rq-XxeNL._SX425_.jpg,http://ec4.images-amazon.com/images/I/611Rq-XxeNL._SX466_.jpg
image title LEGO 乐高 拼插类玩具 Star Wars星球大战系列 共和国炮艇 75076
product image url: http://ec4.images-amazon.com/images/I/611Rq-XxeNL._SX466_.jpg
parse details - current product_id: 75077
data-old-hires is empty
dyn images {"http://ec4.images-amazon.com/images/I/513pkUhR0rL._SX466_.jpg":[466,367],"http://ec4.images-amazon.com/images/I/513pkUhR0rL._SX355_.jpg":[355,280],"http://ec4.images-amazon.com/images/I/513pkUhR0rL.jpg":[500,394],"http://ec4.images-amazon.com/images/I/513pkUhR0rL._SX450_.jpg":[450,355],"http://ec4.images-amazon.com/images/I/513pkUhR0rL._SX425_.jpg":[425,335]}
after cleanup: http://ec4.images-amazon.com/images/I/513pkUhR0rL._SX466_.jpg,http://ec4.images-amazon.com/images/I/513pkUhR0rL._SX355_.jpg,http://ec4.images-amazon.com/images/I/513pkUhR0rL.jpg,http://ec4.images-amazon.com/images/I/513pkUhR0rL._SX450_.jpg,http://ec4.images-amazon.com/images/I/513pkUhR0rL._SX425_.jpg
image title LEGO 乐高 拼插类玩具 Star Wars星球大战系列 跟踪制导蜘蛛机器人 75077
product image url: http://ec4.images-amazon.com/images/I/513pkUhR0rL._SX425_.jpg
last part of URL: 75078
search result - current product_id: 75078
chinese product details page is: http://www.amazon.cn/%E7%8E%A9%E5%85%B7/dp/B00NVDK2JC
product title in the search result is LEGO 乐高 拼插类玩具 Star Wars星球大战系列 皇家部队运输机 75078
Lego product 75078 found in the search result
last part of URL: 75079
search result - current product_id: 75079
chinese product details page is: http://www.amazon.cn/%E7%8E%A9%E5%85%B7/dp/B00NVDK2QK
product title in the search result is LEGO 乐高 拼插类玩具 Star Wars星球大战系列 影子骑兵 75079
Lego product 75079 found in the search result
parse details - current product_id: 75078
data-old-hires is empty
dyn images {"http://ec4.images-amazon.com/images/I/61liA5Pv6JL._SX466_.jpg":[466,362],"http://ec4.images-amazon.com/images/I/61liA5Pv6JL._SX355_.jpg":[355,275],"http://ec4.images-amazon.com/images/I/61liA5Pv6JL._SX450_.jpg":[450,349],"http://ec4.images-amazon.com/images/I/61liA5Pv6JL.jpg":[500,388],"http://ec4.images-amazon.com/images/I/61liA5Pv6JL._SX425_.jpg":[425,330]}
after cleanup: http://ec4.images-amazon.com/images/I/61liA5Pv6JL._SX466_.jpg,http://ec4.images-amazon.com/images/I/61liA5Pv6JL._SX355_.jpg,http://ec4.images-amazon.com/images/I/61liA5Pv6JL._SX450_.jpg,http://ec4.images-amazon.com/images/I/61liA5Pv6JL.jpg,http://ec4.images-amazon.com/images/I/61liA5Pv6JL._SX425_.jpg
image title LEGO 乐高 拼插类玩具 Star Wars星球大战系列 皇家部队运输机 75078
product image url: http://ec4.images-amazon.com/images/I/61liA5Pv6JL._SX425_.jpg
parse details - current product_id: 75079
image title LEGO 乐高 拼插类玩具 Star Wars星球大战系列 影子骑兵 75079
product image url: http://ec4.images-amazon.com/images/I/A1oZgI%2By2uL._SL1500_.jpg
last part of URL: 75080
search result - current product_id: 75080
chinese product details page is: http://www.amazon.cn/%E7%8E%A9%E5%85%B7/dp/B00NVDOXAQ
product title in the search result is LEGO 乐高 拼插类玩具 Star Wars星球大战系列 AAT战车 75080
Lego product 75080 found in the search result
last part of URL: 75081
search result - current product_id: 75081
chinese product details page is: http://www.amazon.cn/%E7%8E%A9%E5%85%B7/dp/B00NVDOPR2
product title in the search result is LEGO 乐高 拼插类玩具 Star Wars星球大战系列 T-16跃空号战机 75081
Lego product 75081 found in the search result
parse details - current product_id: 75080
image title LEGO 乐高 拼插类玩具 Star Wars星球大战系列 AAT战车 75080
product image url: http://ec4.images-amazon.com/images/I/818y8G8z4nL._SL1500_.jpg
parse details - current product_id: 75081
image title LEGO 乐高 拼插类玩具 Star Wars星球大战系列 T-16跃空号战机 75081
product image url: http://ec4.images-amazon.com/images/I/81xN1RaJiRL._SL1500_.jpg
last part of URL: 75085
search result - current product_id: 75085
chinese product details page is: http://www.amazon.cn/%E7%8E%A9%E5%85%B7/dp/B00NVDOPCM
product title in the search result is LEGO 乐高 拼插类玩具 Star Wars星球大战系列 火雹机器人 75085
Lego product 75085 found in the search result
last part of URL: 75089
search result - current product_id: 75089
chinese product details page is: http://www.amazon.cn/%E7%8E%A9%E5%85%B7/dp/B00NVDJEFA
product title in the search result is LEGO 乐高 拼插类玩具 Star Wars星球大战系列 吉奥诺西斯骑兵 75089
Lego product 75089 found in the search result
parse details - current product_id: 75085
image title LEGO 乐高 拼插类玩具 Star Wars星球大战系列 火雹机器人 75085
product image url: http://ec4.images-amazon.com/images/I/71y85AJ2n%2BL._SL1000_.jpg
parse details - current product_id: 75089
image title LEGO 乐高 拼插类玩具 Star Wars星球大战系列 吉奥诺西斯骑兵 75089
product image url: http://ec4.images-amazon.com/images/I/81C%2BSg4hbKL._SL1300_.jpg
last part of URL: 75090
search result - current product_id: 75090
chinese product details page is: http://www.amazon.cn/%E7%8E%A9%E5%85%B7/dp/B00NVDKQC0
product title in the search result is LEGO 乐高 拼插类玩具 Star Wars星球大战系列 依斯拉的极速机车 75090
Lego product 75090 found in the search result
parse details - current product_id: 75090
image title LEGO 乐高 拼插类玩具 Star Wars星球大战系列 依斯拉的极速机车 75090
product image url: http://ec4.images-amazon.com/images/I/71oUQ%2BLewzL._SL1000_.jpg
